INFO D:\Tan\Travail\developpement\python\projetOC\projet12\epicevents\clients\admin.py changed, reloading.
INFO Watching for file changes with StatReloader
INFO Watching for file changes with StatReloader
INFO "POST /login/ HTTP/1.1" 200 486
INFO "POST /clients/ HTTP/1.1" 201 250
INFO "POST /login/ HTTP/1.1" 200 483
INFO "POST /management/clients/ HTTP/1.1" 201 246
INFO "GET /management/clients/ HTTP/1.1" 200 499
INFO "GET /management/clients/550/ HTTP/1.1" 200 246
INFO "GET /management/clients/549/ HTTP/1.1" 200 250
INFO "PUT /management/clients/550/ HTTP/1.1" 200 247
INFO "PUT /management/clients/549/ HTTP/1.1" 200 251
INFO "DELETE /management/clients/550/ HTTP/1.1" 200 48
INFO "DELETE /management/clients/549/ HTTP/1.1" 200 48
INFO "POST /login/ HTTP/1.1" 200 486
INFO "POST /clients/ HTTP/1.1" 201 250
INFO "POST /login/ HTTP/1.1" 200 483
INFO "POST /management/clients/ HTTP/1.1" 201 246
INFO "GET /management/clients/ HTTP/1.1" 200 499
INFO "GET /management/clients/552/ HTTP/1.1" 200 246
INFO "GET /management/clients/551/ HTTP/1.1" 200 250
INFO "PUT /management/clients/552/ HTTP/1.1" 200 247
INFO "PUT /management/clients/551/ HTTP/1.1" 200 251
INFO "DELETE /management/clients/552/ HTTP/1.1" 200 48
INFO "DELETE /management/clients/551/ HTTP/1.1" 200 48
INFO "POST /login/ HTTP/1.1" 200 486
INFO "POST /clients/ HTTP/1.1" 201 250
INFO "POST /login/ HTTP/1.1" 200 486
INFO "POST /clients/ HTTP/1.1" 201 250
INFO "GET /clients/ HTTP/1.1" 201 252
INFO "GET /clients/554/ HTTP/1.1" 200 250
WARNING Forbidden: /clients/553/
WARNING "GET /clients/553/ HTTP/1.1" 403 63
INFO "PUT /clients/554/ HTTP/1.1" 200 251
WARNING Forbidden: /clients/553/
WARNING "PUT /clients/553/ HTTP/1.1" 403 63
WARNING Method Not Allowed: /clients/554/
WARNING "DELETE /clients/554/ HTTP/1.1" 405 43
INFO "POST /login/ HTTP/1.1" 200 483
INFO "DELETE /management/clients/554/ HTTP/1.1" 200 48
INFO "DELETE /management/clients/553/ HTTP/1.1" 200 48
INFO "POST /login/ HTTP/1.1" 200 486
INFO "POST /clients/ HTTP/1.1" 201 246
INFO "POST /contracts/ HTTP/1.1" 201 188
INFO "POST /login/ HTTP/1.1" 200 486
INFO "POST /clients/ HTTP/1.1" 201 246
INFO "POST /contracts/ HTTP/1.1" 201 188
INFO "POST /clients/ HTTP/1.1" 201 246
INFO "POST /contracts/ HTTP/1.1" 201 188
INFO "POST /login/ HTTP/1.1" 200 483
INFO "GET /management/events/ HTTP/1.1" 200 634
INFO "PUT /management/events/254/ HTTP/1.1" 200 235
INFO "PUT /management/events/255/ HTTP/1.1" 200 237
INFO "PUT /management/events/256/ HTTP/1.1" 200 237
INFO "POST /login/ HTTP/1.1" 200 486
WARNING Forbidden: /clients/
WARNING "POST /clients/ HTTP/1.1" 403 63
INFO "GET /clients/ HTTP/1.1" 201 495
INFO "GET /clients/555/ HTTP/1.1" 200 246
WARNING Forbidden: /clients/556/
WARNING "GET /clients/556/ HTTP/1.1" 403 63
WARNING Forbidden: /clients/555/
WARNING "PUT /clients/555/ HTTP/1.1" 403 63
WARNING Method Not Allowed: /clients/555/
WARNING "DELETE /clients/555/ HTTP/1.1" 405 43
INFO "POST /login/ HTTP/1.1" 200 483
INFO "DELETE /management/clients/555/ HTTP/1.1" 200 48
INFO "DELETE /management/clients/556/ HTTP/1.1" 200 48
INFO "DELETE /management/clients/557/ HTTP/1.1" 200 48
INFO "POST /login/ HTTP/1.1" 200 486
INFO "POST /clients/ HTTP/1.1" 201 246
INFO "POST /contracts/ HTTP/1.1" 201 189
INFO "POST /login/ HTTP/1.1" 200 483
INFO "POST /management/contracts/ HTTP/1.1" 201 189
INFO "GET /management/contracts/ HTTP/1.1" 200 381
INFO "GET /management/contracts/341/ HTTP/1.1" 200 189
INFO "GET /management/contracts/342/ HTTP/1.1" 200 189
INFO "PUT /management/contracts/341/ HTTP/1.1" 200 188
INFO "PUT /management/contracts/342/ HTTP/1.1" 200 188
INFO "DELETE /management/contracts/341/ HTTP/1.1" 200 79
INFO "DELETE /management/contracts/342/ HTTP/1.1" 200 79
INFO "DELETE /management/clients/558/ HTTP/1.1" 200 48
INFO "POST /login/ HTTP/1.1" 200 486
INFO "POST /clients/ HTTP/1.1" 201 246
INFO "POST /contracts/ HTTP/1.1" 201 189
INFO "POST /login/ HTTP/1.1" 200 486
INFO "POST /clients/ HTTP/1.1" 201 246
INFO "POST /contracts/ HTTP/1.1" 201 189
INFO "GET /contracts/ HTTP/1.1" 201 191
INFO "GET /contracts/344/ HTTP/1.1" 200 189
WARNING Forbidden: /contracts/343/
WARNING "GET /contracts/343/ HTTP/1.1" 403 63
INFO "PUT /contracts/344/ HTTP/1.1" 200 188
WARNING Forbidden: /contracts/343/
WARNING "PUT /contracts/343/ HTTP/1.1" 403 63
WARNING Forbidden: /contracts/344/
WARNING "DELETE /contracts/344/ HTTP/1.1" 403 63
INFO "POST /login/ HTTP/1.1" 200 483
INFO "DELETE /management/clients/559/ HTTP/1.1" 200 48
INFO "DELETE /management/clients/560/ HTTP/1.1" 200 48
INFO "POST /login/ HTTP/1.1" 200 486
INFO "POST /clients/ HTTP/1.1" 201 246
INFO "POST /contracts/ HTTP/1.1" 201 189
INFO "POST /login/ HTTP/1.1" 200 486
WARNING Forbidden: /management/contracts/
WARNING "POST /management/contracts/ HTTP/1.1" 403 63
WARNING Forbidden: /contracts/
WARNING "GET /contracts/ HTTP/1.1" 403 63
WARNING Forbidden: /contracts/345/
WARNING "GET /contracts/345/ HTTP/1.1" 403 63
WARNING Forbidden: /contracts/345/
WARNING "PUT /contracts/345/ HTTP/1.1" 403 63
WARNING Forbidden: /contracts/344/
WARNING "DELETE /contracts/344/ HTTP/1.1" 403 63
INFO "POST /login/ HTTP/1.1" 200 483
INFO "DELETE /management/clients/561/ HTTP/1.1" 200 48
INFO "POST /login/ HTTP/1.1" 200 483
INFO "POST /management/clients/ HTTP/1.1" 201 246
INFO "POST /management/contracts/ HTTP/1.1" 201 188
INFO "GET /management/events/ HTTP/1.1" 200 213
INFO "GET /management/events/ HTTP/1.1" 200 213
INFO "GET /management/events/257/ HTTP/1.1" 200 211
INFO "PUT /management/events/257/ HTTP/1.1" 200 255
INFO "DELETE /management/events/257/ HTTP/1.1" 200 67
INFO "DELETE /management/clients/562/ HTTP/1.1" 200 48
INFO "POST /login/ HTTP/1.1" 200 486
INFO "POST /clients/ HTTP/1.1" 201 246
INFO "POST /contracts/ HTTP/1.1" 201 188
INFO "POST /login/ HTTP/1.1" 200 483
INFO "GET /management/events/ HTTP/1.1" 200 212
INFO "POST /login/ HTTP/1.1" 200 486
WARNING Forbidden: /management/events/
WARNING "GET /management/events/ HTTP/1.1" 403 63
WARNING Forbidden: /management/events/259/
WARNING "GET /management/events/259/ HTTP/1.1" 403 63
WARNING Forbidden: /management/events/259/
WARNING "PUT /management/events/259/ HTTP/1.1" 403 63
WARNING Forbidden: /management/events/259/
WARNING "DELETE /management/events/259/ HTTP/1.1" 403 63
INFO "POST /login/ HTTP/1.1" 200 483
INFO "DELETE /management/clients/563/ HTTP/1.1" 200 48
INFO "POST /login/ HTTP/1.1" 200 486
INFO "POST /clients/ HTTP/1.1" 201 246
INFO "POST /contracts/ HTTP/1.1" 201 188
INFO "POST /clients/ HTTP/1.1" 201 246
INFO "POST /contracts/ HTTP/1.1" 201 188
INFO "POST /login/ HTTP/1.1" 200 483
INFO "GET /management/events/ HTTP/1.1" 200 423
INFO "PUT /management/events/260/ HTTP/1.1" 200 208
INFO "PUT /management/events/260/ HTTP/1.1" 200 208
INFO "POST /login/ HTTP/1.1" 200 486
INFO "GET /events/ HTTP/1.1" 201 210
INFO "GET /events/260/ HTTP/1.1" 200 208
WARNING Forbidden: /events/261/
WARNING "GET /events/261/ HTTP/1.1" 403 63
INFO "PUT /events/260/ HTTP/1.1" 200 252
WARNING Forbidden: /events/261/
WARNING "PUT /events/261/ HTTP/1.1" 403 63
WARNING Method Not Allowed: /events/261/
WARNING "DELETE /events/261/ HTTP/1.1" 405 43
INFO "POST /login/ HTTP/1.1" 200 483
INFO "DELETE /management/clients/564/ HTTP/1.1" 200 48
INFO "DELETE /management/clients/565/ HTTP/1.1" 200 48
INFO "POST /login/ HTTP/1.1" 200 486
INFO "POST /clients/ HTTP/1.1" 201 250
WARNING Bad Request: /contracts/
WARNING "POST /contracts/ HTTP/1.1" 400 58
INFO "PUT /clients/566/ HTTP/1.1" 200 246
INFO "POST /contracts/ HTTP/1.1" 201 189
INFO "PUT /contracts/350/ HTTP/1.1" 200 189
INFO "POST /login/ HTTP/1.1" 200 483
INFO "GET /management/events/ HTTP/1.1" 200 2
INFO "POST /login/ HTTP/1.1" 200 486
INFO "PUT /contracts/350/ HTTP/1.1" 200 188
WARNING Forbidden: /contracts/350/
WARNING "PUT /contracts/350/ HTTP/1.1" 403 63
INFO "POST /login/ HTTP/1.1" 200 483
INFO "GET /management/events/ HTTP/1.1" 200 212
INFO "GET /management/events/ HTTP/1.1" 200 212
INFO "PUT /management/events/262/ HTTP/1.1" 200 235
INFO "POST /login/ HTTP/1.1" 200 486
INFO "PUT /events/262/ HTTP/1.1" 200 233
WARNING Forbidden: /events/262/
WARNING "PUT /events/262/ HTTP/1.1" 403 63
INFO "POST /login/ HTTP/1.1" 200 483
INFO "DELETE /management/clients/566/ HTTP/1.1" 200 48
INFO "POST /login/ HTTP/1.1" 200 486
INFO "POST /clients/ HTTP/1.1" 201 258
INFO "POST /contracts/ HTTP/1.1" 201 188
INFO "POST /login/ HTTP/1.1" 200 486
INFO "POST /clients/ HTTP/1.1" 201 263
INFO "POST /contracts/ HTTP/1.1" 201 188
INFO "POST /clients/ HTTP/1.1" 201 259
INFO "POST /contracts/ HTTP/1.1" 201 189
INFO "POST /login/ HTTP/1.1" 200 483
INFO "GET /management/events/ HTTP/1.1" 200 634
INFO "PUT /management/events/263/ HTTP/1.1" 200 247
INFO "PUT /management/events/264/ HTTP/1.1" 200 238
INFO "PUT /management/events/265/ HTTP/1.1" 200 239
INFO "GET /management/clients/ HTTP/1.1" 200 784
INFO "GET /management/clients/?first_name=Th%C3%A9o&last_name= HTTP/1.1" 200 260
INFO "GET /management/clients/?email=clientest3@test.fr HTTP/1.1" 200 261
INFO "GET /management/contracts/ HTTP/1.1" 200 569
INFO "GET /management/contracts/?first_name=Gregory&last_name=Julien HTTP/1.1" 200 191
INFO "GET /management/contracts/?email=clientest2@test.fr HTTP/1.1" 200 190
INFO "GET /management/contracts/?year_contract&min_year_contract=2022&max_year_contract&month_contract&min_month_contract&max_month_contract&day_contract&min_day_contract&max_day_contract HTTP/1.1" 200 569
INFO "GET /management/contracts/?min_amount=600&max_amount=4000 HTTP/1.1" 200 380
INFO "GET /management/events/ HTTP/1.1" 200 728
INFO "GET /management/events/?first_name=Gregory&last_name=Julien HTTP/1.1" 200 241
INFO "GET /management/events/?email=clientest2@test.fr HTTP/1.1" 200 240
INFO "GET /management/events/?year_event&min_year_event=2022&max_year_event&month_event&min_month_event&max_month_event&day_event&min_day_event&max_day_event HTTP/1.1" 200 489
INFO "DELETE /management/clients/567/ HTTP/1.1" 200 48
INFO "DELETE /management/clients/568/ HTTP/1.1" 200 48
INFO "DELETE /management/clients/569/ HTTP/1.1" 200 48
INFO Watching for file changes with StatReloader
INFO Watching for file changes with StatReloader
INFO Watching for file changes with StatReloader
INFO Watching for file changes with StatReloader
INFO D:\Tan\Travail\developpement\python\projetOC\projet12\epicevents\app\contracts\models.py changed, reloading.
INFO Watching for file changes with StatReloader
INFO D:\Tan\Travail\developpement\python\projetOC\projet12\epicevents\app\contracts\models.py changed, reloading.
INFO Watching for file changes with StatReloader
INFO Watching for file changes with StatReloader
INFO D:\Tan\Travail\developpement\python\projetOC\projet12\epicevents\app\events\models.py changed, reloading.
INFO Watching for file changes with StatReloader
INFO Watching for file changes with StatReloader
INFO "POST /login/ HTTP/1.1" 200 486
INFO "POST /clients/ HTTP/1.1" 201 250
INFO "POST /login/ HTTP/1.1" 200 483
INFO "POST /management/clients/ HTTP/1.1" 201 246
INFO "GET /management/clients/ HTTP/1.1" 200 499
INFO "GET /management/clients/571/ HTTP/1.1" 200 246
INFO "GET /management/clients/570/ HTTP/1.1" 200 250
INFO "PUT /management/clients/571/ HTTP/1.1" 200 247
INFO "PUT /management/clients/570/ HTTP/1.1" 200 251
INFO "DELETE /management/clients/571/ HTTP/1.1" 200 48
INFO "DELETE /management/clients/570/ HTTP/1.1" 200 48
WARNING Not Found: /
WARNING "GET / HTTP/1.1" 404 5138
WARNING Not Found: /favicon.ico
WARNING "GET /favicon.ico HTTP/1.1" 404 5189
INFO "GET /admin HTTP/1.1" 301 0
INFO "GET /admin/ HTTP/1.1" 200 8247
INFO "GET /static/admin/css/dark_mode.css HTTP/1.1" 200 796
INFO "GET /static/admin/css/base.css HTTP/1.1" 200 20344
INFO "GET /static/admin/css/nav_sidebar.css HTTP/1.1" 200 2619
INFO "GET /static/admin/css/dashboard.css HTTP/1.1" 200 380
INFO "GET /static/admin/css/responsive.css HTTP/1.1" 200 18854
INFO "GET /static/admin/js/nav_sidebar.js HTTP/1.1" 200 3763
INFO "GET /admin/ HTTP/1.1" 200 8247
INFO "GET /static/admin/css/fonts.css HTTP/1.1" 200 423
INFO "GET /static/admin/img/icon-addlink.svg HTTP/1.1" 200 331
INFO "GET /static/admin/img/icon-deletelink.svg HTTP/1.1" 200 392
INFO "GET /static/admin/img/icon-changelink.svg HTTP/1.1" 200 380
INFO "GET /static/admin/fonts/Roboto-Light-webfont.woff HTTP/1.1" 200 85692
INFO "GET /static/admin/fonts/Roboto-Bold-webfont.woff HTTP/1.1" 200 86184
INFO "GET /static/admin/fonts/Roboto-Regular-webfont.woff HTTP/1.1" 200 85876
INFO "GET /admin/clients/client/ HTTP/1.1" 200 6678
INFO "GET /static/admin/css/changelists.css HTTP/1.1" 200 6395
INFO "GET /static/admin/js/jquery.init.js HTTP/1.1" 200 347
INFO "GET /static/admin/js/core.js HTTP/1.1" 200 5698
INFO "GET /static/admin/js/admin/RelatedObjectLookups.js HTTP/1.1" 200 8985
INFO "GET /static/admin/js/urlify.js HTTP/1.1" 200 7902
INFO "GET /static/admin/js/actions.js HTTP/1.1" 200 7872
INFO "GET /static/admin/js/prepopulate.js HTTP/1.1" 200 1531
INFO "GET /static/admin/js/vendor/jquery/jquery.js HTTP/1.1" 200 288580
INFO "GET /static/admin/js/vendor/xregexp/xregexp.js HTTP/1.1" 200 232381
INFO "GET /admin/jsi18n/ HTTP/1.1" 200 3343
INFO "GET /static/admin/js/filters.js HTTP/1.1" 200 966
INFO "GET /static/admin/img/tooltag-add.svg HTTP/1.1" 200 331
INFO "GET /admin/contracts/contract/ HTTP/1.1" 200 6700
INFO "GET /admin/jsi18n/ HTTP/1.1" 200 3343
INFO "GET /admin/events/event/ HTTP/1.1" 200 6667
INFO "GET /admin/jsi18n/ HTTP/1.1" 200 3343
INFO "GET /admin/users/user/ HTTP/1.1" 200 9500
INFO "GET /admin/jsi18n/ HTTP/1.1" 200 3343
INFO "GET /admin/auth/group/ HTTP/1.1" 200 7008
INFO "GET /static/admin/img/search.svg HTTP/1.1" 200 458
INFO "GET /admin/jsi18n/ HTTP/1.1" 200 3343
INFO "GET /admin/users/user/ HTTP/1.1" 200 9500
INFO "GET /admin/jsi18n/ HTTP/1.1" 200 3343
INFO Watching for file changes with StatReloader
INFO Watching for file changes with StatReloader
WARNING Not Found: /
WARNING "GET / HTTP/1.1" 404 5138
WARNING Not Found: /favicon.ico
WARNING "GET /favicon.ico HTTP/1.1" 404 5189
INFO "GET /admin HTTP/1.1" 301 0
INFO "GET /admin/ HTTP/1.1" 302 0
INFO "GET /admin/login/?next=/admin/ HTTP/1.1" 200 2218
INFO "GET /static/admin/css/base.css HTTP/1.1" 200 20344
INFO "GET /static/admin/css/dark_mode.css HTTP/1.1" 200 796
INFO "GET /static/admin/css/nav_sidebar.css HTTP/1.1" 200 2619
INFO "GET /static/admin/css/login.css HTTP/1.1" 200 958
INFO "GET /static/admin/css/responsive.css HTTP/1.1" 200 18854
INFO "GET /static/admin/js/nav_sidebar.js HTTP/1.1" 200 3763
INFO "GET /admin/ HTTP/1.1" 302 0
INFO "GET /admin/login/?next=/admin/ HTTP/1.1" 200 2218
INFO "GET /static/admin/css/fonts.css HTTP/1.1" 200 423
INFO "GET /static/admin/fonts/Roboto-Regular-webfont.woff HTTP/1.1" 200 85876
INFO "GET /static/admin/fonts/Roboto-Light-webfont.woff HTTP/1.1" 200 85692
INFO "POST /admin/login/?next=/admin/ HTTP/1.1" 200 2377
INFO "GET /static/admin/fonts/Roboto-Bold-webfont.woff HTTP/1.1" 200 86184
INFO "POST /admin/login/?next=/admin/ HTTP/1.1" 200 2377
INFO "POST /login/ HTTP/1.1" 200 486
INFO "POST /clients/ HTTP/1.1" 201 250
INFO "POST /login/ HTTP/1.1" 200 483
INFO "POST /management/clients/ HTTP/1.1" 201 246
INFO "GET /management/clients/ HTTP/1.1" 200 499
INFO "GET /management/clients/573/ HTTP/1.1" 200 246
INFO "GET /management/clients/572/ HTTP/1.1" 200 250
INFO "PUT /management/clients/573/ HTTP/1.1" 200 247
INFO "PUT /management/clients/572/ HTTP/1.1" 200 251
INFO "DELETE /management/clients/573/ HTTP/1.1" 200 48
INFO "DELETE /management/clients/572/ HTTP/1.1" 200 48
INFO "POST /login/ HTTP/1.1" 200 486
INFO "POST /clients/ HTTP/1.1" 201 250
INFO "POST /login/ HTTP/1.1" 200 486
INFO "POST /clients/ HTTP/1.1" 201 250
INFO "GET /clients/ HTTP/1.1" 201 252
INFO "GET /clients/575/ HTTP/1.1" 200 250
WARNING Forbidden: /clients/574/
WARNING "GET /clients/574/ HTTP/1.1" 403 63
INFO "PUT /clients/575/ HTTP/1.1" 200 251
WARNING Forbidden: /clients/574/
WARNING "PUT /clients/574/ HTTP/1.1" 403 63
WARNING Method Not Allowed: /clients/575/
WARNING "DELETE /clients/575/ HTTP/1.1" 405 43
INFO "POST /login/ HTTP/1.1" 200 483
INFO "DELETE /management/clients/575/ HTTP/1.1" 200 48
INFO "DELETE /management/clients/574/ HTTP/1.1" 200 48
INFO "POST /login/ HTTP/1.1" 200 486
INFO "POST /clients/ HTTP/1.1" 201 246
INFO "POST /contracts/ HTTP/1.1" 201 188
INFO "POST /login/ HTTP/1.1" 200 486
INFO "POST /clients/ HTTP/1.1" 201 246
INFO "POST /contracts/ HTTP/1.1" 201 188
INFO "POST /clients/ HTTP/1.1" 201 246
INFO "POST /contracts/ HTTP/1.1" 201 188
INFO "POST /login/ HTTP/1.1" 200 483
INFO "GET /management/events/ HTTP/1.1" 200 634
INFO "PUT /management/events/266/ HTTP/1.1" 200 235
INFO "PUT /management/events/267/ HTTP/1.1" 200 237
INFO "PUT /management/events/268/ HTTP/1.1" 200 237
INFO "POST /login/ HTTP/1.1" 200 486
WARNING Forbidden: /clients/
WARNING "POST /clients/ HTTP/1.1" 403 63
INFO "GET /clients/ HTTP/1.1" 201 495
INFO "GET /clients/576/ HTTP/1.1" 200 246
WARNING Forbidden: /clients/577/
WARNING "GET /clients/577/ HTTP/1.1" 403 63
WARNING Forbidden: /clients/576/
WARNING "PUT /clients/576/ HTTP/1.1" 403 63
WARNING Method Not Allowed: /clients/576/
WARNING "DELETE /clients/576/ HTTP/1.1" 405 43
INFO "POST /login/ HTTP/1.1" 200 483
INFO "DELETE /management/clients/576/ HTTP/1.1" 200 48
INFO "DELETE /management/clients/577/ HTTP/1.1" 200 48
INFO "DELETE /management/clients/578/ HTTP/1.1" 200 48
INFO "POST /login/ HTTP/1.1" 200 486
INFO "POST /clients/ HTTP/1.1" 201 246
INFO "POST /contracts/ HTTP/1.1" 201 189
INFO "POST /login/ HTTP/1.1" 200 483
INFO "POST /management/contracts/ HTTP/1.1" 201 189
INFO "GET /management/contracts/ HTTP/1.1" 200 381
INFO "GET /management/contracts/357/ HTTP/1.1" 200 189
INFO "GET /management/contracts/358/ HTTP/1.1" 200 189
INFO "PUT /management/contracts/357/ HTTP/1.1" 200 188
INFO "PUT /management/contracts/358/ HTTP/1.1" 200 188
INFO "DELETE /management/contracts/357/ HTTP/1.1" 200 79
INFO "DELETE /management/contracts/358/ HTTP/1.1" 200 79
INFO "DELETE /management/clients/579/ HTTP/1.1" 200 48
INFO "POST /login/ HTTP/1.1" 200 486
INFO "POST /clients/ HTTP/1.1" 201 246
INFO "POST /contracts/ HTTP/1.1" 201 189
INFO "POST /login/ HTTP/1.1" 200 486
INFO "POST /clients/ HTTP/1.1" 201 246
INFO "POST /contracts/ HTTP/1.1" 201 189
INFO "GET /contracts/ HTTP/1.1" 201 191
INFO "GET /contracts/360/ HTTP/1.1" 200 189
WARNING Forbidden: /contracts/359/
WARNING "GET /contracts/359/ HTTP/1.1" 403 63
INFO "PUT /contracts/360/ HTTP/1.1" 200 188
WARNING Forbidden: /contracts/359/
WARNING "PUT /contracts/359/ HTTP/1.1" 403 63
WARNING Forbidden: /contracts/360/
WARNING "DELETE /contracts/360/ HTTP/1.1" 403 63
INFO "POST /login/ HTTP/1.1" 200 483
INFO "DELETE /management/clients/580/ HTTP/1.1" 200 48
INFO "DELETE /management/clients/581/ HTTP/1.1" 200 48
INFO "POST /login/ HTTP/1.1" 200 486
INFO "POST /clients/ HTTP/1.1" 201 246
INFO "POST /contracts/ HTTP/1.1" 201 189
INFO "POST /login/ HTTP/1.1" 200 486
WARNING Forbidden: /management/contracts/
WARNING "POST /management/contracts/ HTTP/1.1" 403 63
WARNING Forbidden: /contracts/
WARNING "GET /contracts/ HTTP/1.1" 403 63
WARNING Forbidden: /contracts/361/
WARNING "GET /contracts/361/ HTTP/1.1" 403 63
WARNING Forbidden: /contracts/361/
WARNING "PUT /contracts/361/ HTTP/1.1" 403 63
WARNING Forbidden: /contracts/360/
WARNING "DELETE /contracts/360/ HTTP/1.1" 403 63
INFO "POST /login/ HTTP/1.1" 200 483
INFO "DELETE /management/clients/582/ HTTP/1.1" 200 48
INFO "POST /login/ HTTP/1.1" 200 483
INFO "POST /management/clients/ HTTP/1.1" 201 246
INFO "POST /management/contracts/ HTTP/1.1" 201 188
INFO "GET /management/events/ HTTP/1.1" 200 213
INFO "GET /management/events/ HTTP/1.1" 200 213
INFO "GET /management/events/269/ HTTP/1.1" 200 211
INFO "PUT /management/events/269/ HTTP/1.1" 200 255
INFO "DELETE /management/events/269/ HTTP/1.1" 200 67
INFO "DELETE /management/clients/583/ HTTP/1.1" 200 48
INFO "POST /login/ HTTP/1.1" 200 486
INFO "POST /clients/ HTTP/1.1" 201 246
INFO "POST /contracts/ HTTP/1.1" 201 188
INFO "POST /login/ HTTP/1.1" 200 483
INFO "GET /management/events/ HTTP/1.1" 200 212
INFO "POST /login/ HTTP/1.1" 200 486
WARNING Forbidden: /management/events/
WARNING "GET /management/events/ HTTP/1.1" 403 63
WARNING Forbidden: /management/events/271/
WARNING "GET /management/events/271/ HTTP/1.1" 403 63
WARNING Forbidden: /management/events/271/
WARNING "PUT /management/events/271/ HTTP/1.1" 403 63
WARNING Forbidden: /management/events/271/
WARNING "DELETE /management/events/271/ HTTP/1.1" 403 63
INFO "POST /login/ HTTP/1.1" 200 483
INFO "DELETE /management/clients/584/ HTTP/1.1" 200 48
INFO "POST /login/ HTTP/1.1" 200 486
INFO "POST /clients/ HTTP/1.1" 201 246
INFO "POST /contracts/ HTTP/1.1" 201 188
INFO "POST /admin/login/?next=/admin/ HTTP/1.1" 200 2377
INFO "POST /clients/ HTTP/1.1" 201 246
INFO "POST /contracts/ HTTP/1.1" 201 188
INFO "POST /login/ HTTP/1.1" 200 483
INFO "GET /management/events/ HTTP/1.1" 200 423
INFO "PUT /management/events/272/ HTTP/1.1" 200 208
INFO "PUT /management/events/272/ HTTP/1.1" 200 208
INFO "POST /login/ HTTP/1.1" 200 486
INFO "GET /events/ HTTP/1.1" 201 210
INFO "GET /events/272/ HTTP/1.1" 200 208
WARNING Forbidden: /events/273/
WARNING "GET /events/273/ HTTP/1.1" 403 63
INFO "PUT /events/272/ HTTP/1.1" 200 252
WARNING Forbidden: /events/273/
WARNING "PUT /events/273/ HTTP/1.1" 403 63
WARNING Method Not Allowed: /events/273/
WARNING "DELETE /events/273/ HTTP/1.1" 405 43
INFO "POST /login/ HTTP/1.1" 200 483
INFO "DELETE /management/clients/585/ HTTP/1.1" 200 48
INFO "DELETE /management/clients/586/ HTTP/1.1" 200 48
INFO "POST /login/ HTTP/1.1" 200 486
INFO "POST /clients/ HTTP/1.1" 201 250
WARNING Bad Request: /contracts/
WARNING "POST /contracts/ HTTP/1.1" 400 58
INFO "PUT /clients/587/ HTTP/1.1" 200 246
INFO "POST /contracts/ HTTP/1.1" 201 189
INFO "PUT /contracts/366/ HTTP/1.1" 200 189
INFO "POST /login/ HTTP/1.1" 200 483
INFO "GET /management/events/ HTTP/1.1" 200 2
INFO "POST /login/ HTTP/1.1" 200 486
INFO "PUT /contracts/366/ HTTP/1.1" 200 188
WARNING Forbidden: /contracts/366/
WARNING "PUT /contracts/366/ HTTP/1.1" 403 63
INFO "POST /login/ HTTP/1.1" 200 483
INFO "GET /management/events/ HTTP/1.1" 200 212
INFO "GET /management/events/ HTTP/1.1" 200 212
INFO "PUT /management/events/274/ HTTP/1.1" 200 235
INFO "POST /login/ HTTP/1.1" 200 486
INFO "PUT /events/274/ HTTP/1.1" 200 233
WARNING Forbidden: /events/274/
WARNING "PUT /events/274/ HTTP/1.1" 403 63
INFO "POST /login/ HTTP/1.1" 200 483
INFO "DELETE /management/clients/587/ HTTP/1.1" 200 48
INFO "POST /login/ HTTP/1.1" 200 486
INFO "POST /clients/ HTTP/1.1" 201 258
INFO "POST /contracts/ HTTP/1.1" 201 188
INFO "POST /login/ HTTP/1.1" 200 486
INFO "POST /clients/ HTTP/1.1" 201 263
INFO "POST /contracts/ HTTP/1.1" 201 188
INFO "POST /clients/ HTTP/1.1" 201 259
INFO "POST /contracts/ HTTP/1.1" 201 189
INFO "POST /login/ HTTP/1.1" 200 483
INFO "GET /management/events/ HTTP/1.1" 200 634
INFO "PUT /management/events/275/ HTTP/1.1" 200 247
INFO "PUT /management/events/276/ HTTP/1.1" 200 238
INFO "PUT /management/events/277/ HTTP/1.1" 200 239
INFO "GET /management/clients/ HTTP/1.1" 200 784
INFO "GET /management/clients/?first_name=Th%C3%A9o&last_name= HTTP/1.1" 200 260
INFO "GET /management/clients/?email=clientest3@test.fr HTTP/1.1" 200 261
INFO "GET /management/contracts/ HTTP/1.1" 200 569
INFO "GET /management/contracts/?first_name=Gregory&last_name=Julien HTTP/1.1" 200 191
INFO "GET /management/contracts/?email=clientest2@test.fr HTTP/1.1" 200 190
INFO "GET /management/contracts/?year_contract&min_year_contract=2022&max_year_contract&month_contract&min_month_contract&max_month_contract&day_contract&min_day_contract&max_day_contract HTTP/1.1" 200 569
INFO "GET /management/contracts/?min_amount=600&max_amount=4000 HTTP/1.1" 200 380
INFO "GET /management/events/ HTTP/1.1" 200 728
INFO "GET /management/events/?first_name=Gregory&last_name=Julien HTTP/1.1" 200 241
INFO "GET /management/events/?email=clientest2@test.fr HTTP/1.1" 200 240
INFO "GET /management/events/?year_event&min_year_event=2022&max_year_event&month_event&min_month_event&max_month_event&day_event&min_day_event&max_day_event HTTP/1.1" 200 489
INFO "DELETE /management/clients/588/ HTTP/1.1" 200 48
INFO "DELETE /management/clients/589/ HTTP/1.1" 200 48
INFO "DELETE /management/clients/590/ HTTP/1.1" 200 48
INFO "POST /admin/login/?next=/admin/ HTTP/1.1" 302 0
INFO "GET /admin/ HTTP/1.1" 200 8247
INFO "GET /static/admin/css/dashboard.css HTTP/1.1" 200 380
INFO "GET /static/admin/img/icon-deletelink.svg HTTP/1.1" 200 392
INFO "GET /static/admin/img/icon-changelink.svg HTTP/1.1" 200 380
INFO "GET /static/admin/img/icon-addlink.svg HTTP/1.1" 200 331
INFO "GET /admin/users/user/ HTTP/1.1" 200 9500
INFO "GET /static/admin/css/changelists.css HTTP/1.1" 200 6395
INFO "GET /static/admin/js/jquery.init.js HTTP/1.1" 200 347
INFO "GET /static/admin/js/core.js HTTP/1.1" 200 5698
INFO "GET /static/admin/js/admin/RelatedObjectLookups.js HTTP/1.1" 200 8985
INFO "GET /static/admin/js/prepopulate.js HTTP/1.1" 200 1531
INFO "GET /static/admin/js/actions.js HTTP/1.1" 200 7872
INFO "GET /static/admin/js/urlify.js HTTP/1.1" 200 7902
INFO "GET /static/admin/js/vendor/jquery/jquery.js HTTP/1.1" 200 288580
INFO "GET /static/admin/js/vendor/xregexp/xregexp.js HTTP/1.1" 200 232381
INFO "GET /admin/jsi18n/ HTTP/1.1" 200 3343
INFO "GET /static/admin/js/filters.js HTTP/1.1" 200 966
INFO "GET /static/admin/img/tooltag-add.svg HTTP/1.1" 200 331
INFO "POST /login/ HTTP/1.1" 200 486
INFO "POST /clients/ HTTP/1.1" 201 246
INFO "POST /contracts/ HTTP/1.1" 201 189
INFO "POST /login/ HTTP/1.1" 200 486
INFO "POST /clients/ HTTP/1.1" 201 246
WARNING Bad Request: /contracts/
WARNING "POST /contracts/ HTTP/1.1" 400 38
INFO "POST /contracts/ HTTP/1.1" 201 189
WARNING Forbidden: /management/clients/591/
WARNING "DELETE /management/clients/591/ HTTP/1.1" 403 63
WARNING Forbidden: /management/clients/592/
WARNING "DELETE /management/clients/592/ HTTP/1.1" 403 63
INFO "POST /login/ HTTP/1.1" 200 483
INFO "DELETE /management/clients/591/ HTTP/1.1" 200 48
INFO "DELETE /management/clients/592/ HTTP/1.1" 200 48
INFO "POST /login/ HTTP/1.1" 200 483
INFO "POST /management/clients/ HTTP/1.1" 201 255
INFO "GET /management/clients/ HTTP/1.1" 200 257
INFO "GET /management/clients/593 HTTP/1.1" 301 0
INFO "GET /management/clients/593/ HTTP/1.1" 200 255
ERROR Internal Server Error: /management/clients/593
Traceback (most recent call last):
  File "D:\Tan\Travail\developpement\python\projetOC\projet12\env\lib\site-packages\django\core\handlers\exception.py", line 55, in inner
    response = get_response(request)
  File "D:\Tan\Travail\developpement\python\projetOC\projet12\env\lib\site-packages\django\utils\deprecation.py", line 135, in __call__
    response = self.process_request(request)
  File "D:\Tan\Travail\developpement\python\projetOC\projet12\env\lib\site-packages\django\middleware\common.py", line 54, in process_request
    path = self.get_full_path_with_slash(request)
  File "D:\Tan\Travail\developpement\python\projetOC\projet12\env\lib\site-packages\django\middleware\common.py", line 88, in get_full_path_with_slash
    raise RuntimeError(
RuntimeError: You called this URL via PUT, but the URL doesn't end in a slash and you have APPEND_SLASH set. Django can't redirect to the slash URL while maintaining PUT data. Change your form to point to 127.0.0.1:8000/management/clients/593/ (note the trailing slash), or set APPEND_SLASH=False in your Django settings.
ERROR "PUT /management/clients/593 HTTP/1.1" 500 69327
INFO "PUT /management/clients/593/ HTTP/1.1" 200 251
INFO "DELETE /management/clients/593 HTTP/1.1" 301 0
INFO "GET /management/clients/593/ HTTP/1.1" 200 251
INFO "GET /management/clients/593/ HTTP/1.1" 200 251
INFO "DELETE /management/clients/593/ HTTP/1.1" 200 53
INFO "POST /management/clients/ HTTP/1.1" 201 255
WARNING Bad Request: /management/clients/
WARNING "POST /management/clients/ HTTP/1.1" 400 117
INFO "GET /management/clients/ HTTP/1.1" 200 257
WARNING Not Found: /management/clients/null
WARNING "GET /management/clients/null HTTP/1.1" 404 5225
WARNING Not Found: /management/clients/null
WARNING "GET /management/clients/null HTTP/1.1" 404 5225
WARNING Not Found: /management/clients/null
WARNING "GET /management/clients/null HTTP/1.1" 404 5225
WARNING Not Found: /management/clients/null
WARNING "GET /management/clients/null HTTP/1.1" 404 5225
WARNING Not Found: /management/clients/null
WARNING "GET /management/clients/null HTTP/1.1" 404 5225
WARNING Not Found: /management/clients/null
WARNING "GET /management/clients/null HTTP/1.1" 404 5225
WARNING Not Found: /management/clients/null/
WARNING "GET /management/clients/null/ HTTP/1.1" 404 5228
WARNING Not Found: /management/clients/null/
WARNING "GET /management/clients/null/ HTTP/1.1" 404 5228
INFO "GET /management/clients/ HTTP/1.1" 200 257
WARNING Not Found: /management/clients/null/
WARNING "GET /management/clients/null/ HTTP/1.1" 404 5228
WARNING Not Found: /management/clients/null/
WARNING "PUT /management/clients/null/ HTTP/1.1" 404 5228
WARNING Not Found: /management/clients/null/
WARNING "DELETE /management/clients/null/ HTTP/1.1" 404 5231
WARNING Bad Request: /management/clients/
WARNING "POST /management/clients/ HTTP/1.1" 400 117
INFO "GET /management/clients/ HTTP/1.1" 200 257
WARNING Not Found: /management/clients/null/
WARNING "GET /management/clients/null/ HTTP/1.1" 404 5228
WARNING Not Found: /management/clients/null/
WARNING "DELETE /management/clients/null/ HTTP/1.1" 404 5231
INFO "DELETE /management/clients/594/ HTTP/1.1" 200 53
INFO "POST /management/clients/ HTTP/1.1" 201 255
INFO "GET /management/clients/ HTTP/1.1" 200 257
INFO "GET /management/clients/595 HTTP/1.1" 301 0
INFO "GET /management/clients/595/ HTTP/1.1" 200 255
ERROR Internal Server Error: /management/clients/595
Traceback (most recent call last):
  File "D:\Tan\Travail\developpement\python\projetOC\projet12\env\lib\site-packages\django\core\handlers\exception.py", line 55, in inner
    response = get_response(request)
  File "D:\Tan\Travail\developpement\python\projetOC\projet12\env\lib\site-packages\django\utils\deprecation.py", line 135, in __call__
    response = self.process_request(request)
  File "D:\Tan\Travail\developpement\python\projetOC\projet12\env\lib\site-packages\django\middleware\common.py", line 54, in process_request
    path = self.get_full_path_with_slash(request)
  File "D:\Tan\Travail\developpement\python\projetOC\projet12\env\lib\site-packages\django\middleware\common.py", line 88, in get_full_path_with_slash
    raise RuntimeError(
RuntimeError: You called this URL via PUT, but the URL doesn't end in a slash and you have APPEND_SLASH set. Django can't redirect to the slash URL while maintaining PUT data. Change your form to point to 127.0.0.1:8000/management/clients/595/ (note the trailing slash), or set APPEND_SLASH=False in your Django settings.
ERROR "PUT /management/clients/595 HTTP/1.1" 500 69327
INFO "PUT /management/clients/595/ HTTP/1.1" 200 251
INFO "DELETE /management/clients/595/ HTTP/1.1" 200 53
WARNING Not Found: /management/clients/595/
WARNING "GET /management/clients/595/ HTTP/1.1" 404 23
WARNING Not Found: /management/clients/595/
WARNING "GET /management/clients/595/ HTTP/1.1" 404 23
WARNING Not Found: /management/clients/595/
WARNING "GET /management/clients/595/ HTTP/1.1" 404 23
INFO "GET /management/clients/595 HTTP/1.1" 301 0
WARNING Not Found: /management/clients/595/
WARNING "GET /management/clients/595/ HTTP/1.1" 404 23
WARNING Not Found: /management/clients/595/
WARNING "PUT /management/clients/595/ HTTP/1.1" 404 23
WARNING Not Found: /management/clients/595/
WARNING "PUT /management/clients/595/ HTTP/1.1" 404 23
WARNING Not Found: /management/clients/595/
WARNING "DELETE /management/clients/595/ HTTP/1.1" 404 23
INFO "GET /management/clients/ HTTP/1.1" 200 2
INFO "GET /management/clients/ HTTP/1.1" 200 2
INFO "POST /management/clients/ HTTP/1.1" 201 255
INFO "GET /management/clients/ HTTP/1.1" 200 257
INFO "GET /management/clients/596/ HTTP/1.1" 200 255
INFO "PUT /management/clients/596/ HTTP/1.1" 200 251
INFO "DELETE /management/clients/596/ HTTP/1.1" 200 53
WARNING Not Found: /api/v1/titles/
WARNING "GET /api/v1/titles/ HTTP/1.1" 404 5198
WARNING Not Found: /favicon.ico
WARNING "GET /favicon.ico HTTP/1.1" 404 5189
INFO D:\Tan\Travail\developpement\python\projetOC\projet12\epicevents\app\clients\views.py changed, reloading.
INFO Watching for file changes with StatReloader
INFO Watching for file changes with StatReloader
INFO "POST /login/ HTTP/1.1" 200 486
INFO "POST /clients/ HTTP/1.1" 201 258
INFO "POST /contracts/ HTTP/1.1" 201 188
INFO "POST /login/ HTTP/1.1" 200 486
INFO "POST /clients/ HTTP/1.1" 201 263
INFO "POST /contracts/ HTTP/1.1" 201 188
INFO "POST /clients/ HTTP/1.1" 201 259
INFO "POST /contracts/ HTTP/1.1" 201 189
INFO "POST /login/ HTTP/1.1" 200 483
INFO "GET /management/events/ HTTP/1.1" 200 634
WARNING Bad Request: /management/events/278/
WARNING "PUT /management/events/278/ HTTP/1.1" 400 110
WARNING Bad Request: /management/events/279/
WARNING "PUT /management/events/279/ HTTP/1.1" 400 109
WARNING Bad Request: /management/events/280/
WARNING "PUT /management/events/280/ HTTP/1.1" 400 109
WARNING Bad Request: /management/events/278/
WARNING "PUT /management/events/278/ HTTP/1.1" 400 110
WARNING Bad Request: /management/events/279/
WARNING "PUT /management/events/279/ HTTP/1.1" 400 109
WARNING Bad Request: /management/events/278/
WARNING "PUT /management/events/278/ HTTP/1.1" 400 110
INFO "DELETE /management/clients/597/ HTTP/1.1" 200 48
INFO "DELETE /management/clients/598/ HTTP/1.1" 200 48
INFO "DELETE /management/clients/599/ HTTP/1.1" 200 48
WARNING Not Found: /management/events/278/
WARNING "PUT /management/events/278/ HTTP/1.1" 404 23
INFO "POST /login/ HTTP/1.1" 200 486
INFO "POST /clients/ HTTP/1.1" 201 258
INFO "POST /contracts/ HTTP/1.1" 201 188
INFO "POST /login/ HTTP/1.1" 200 486
INFO "POST /clients/ HTTP/1.1" 201 263
INFO "POST /contracts/ HTTP/1.1" 201 188
INFO "POST /clients/ HTTP/1.1" 201 259
INFO "POST /contracts/ HTTP/1.1" 201 189
INFO "POST /login/ HTTP/1.1" 200 483
INFO "GET /management/events/ HTTP/1.1" 200 634
INFO "GET /management/events/ HTTP/1.1" 200 634
INFO "PUT /management/events/281/ HTTP/1.1" 200 247
INFO "PUT /management/events/282/ HTTP/1.1" 200 238
INFO "PUT /management/events/283/ HTTP/1.1" 200 239
INFO "GET /management/clients/?search=fe HTTP/1.1" 200 784
INFO "GET /management/clients/?search=first_name HTTP/1.1" 200 784
INFO "GET /management/clients/?first_name=Th%C3%A9o&last_name= HTTP/1.1" 200 260
INFO "GET /management/clients/?search=Th%C3%A9o HTTP/1.1" 200 784
INFO D:\Tan\Travail\developpement\python\projetOC\projet12\epicevents\app\clients\views.py changed, reloading.
INFO Watching for file changes with StatReloader
INFO D:\Tan\Travail\developpement\python\projetOC\projet12\epicevents\app\clients\views.py changed, reloading.
INFO Watching for file changes with StatReloader
INFO D:\Tan\Travail\developpement\python\projetOC\projet12\epicevents\app\clients\views.py changed, reloading.
INFO Watching for file changes with StatReloader
INFO D:\Tan\Travail\developpement\python\projetOC\projet12\epicevents\app\clients\views.py changed, reloading.
INFO Watching for file changes with StatReloader
INFO D:\Tan\Travail\developpement\python\projetOC\projet12\epicevents\app\clients\views.py changed, reloading.
INFO Watching for file changes with StatReloader
INFO "GET /management/clients/?search=Th%C3%A9o HTTP/1.1" 200 784
INFO "GET /management/clients/?search=Th%C3%A9o HTTP/1.1" 200 784
INFO "GET /management/clients/?search=Th%C3%A9o HTTP/1.1" 200 784
INFO "GET /management/clients/?first_name=Th%C3%A9o&last_name= HTTP/1.1" 200 260
INFO "GET /management/clients/?last_name= HTTP/1.1" 200 784
INFO "GET /management/clients/?first_name=Th%C3%A9o&last_name= HTTP/1.1" 200 260
INFO "GET /management/clients/?search=Th%C3%A9o HTTP/1.1" 200 784
INFO "GET /management/clients/?search=Th%C3%A9o HTTP/1.1" 200 784
INFO "GET /management/clients/?search=Th%C3%A9o HTTP/1.1" 200 784
INFO "GET /management/clients/?search=Th%C3%A9o HTTP/1.1" 200 784
INFO D:\Tan\Travail\developpement\python\projetOC\projet12\epicevents\epicevents\settings.py changed, reloading.
INFO Watching for file changes with StatReloader
WARNING Not Found: /management/clients/first_name
WARNING "GET /management/clients/first_name?search=Th%C3%A9o HTTP/1.1" 404 5260
INFO "GET /management/clients/?search=Th%C3%A9o HTTP/1.1" 200 784
INFO D:\Tan\Travail\developpement\python\projetOC\projet12\epicevents\app\clients\views.py changed, reloading.
INFO Watching for file changes with StatReloader
INFO D:\Tan\Travail\developpement\python\projetOC\projet12\epicevents\app\clients\views.py changed, reloading.
INFO Watching for file changes with StatReloader
INFO "GET /management/clients/?search=Th%C3%A9o HTTP/1.1" 200 260
INFO "GET /management/clients/?search=Norbert HTTP/1.1" 200 260
INFO "GET /management/clients/?search= HTTP/1.1" 200 784
INFO "GET /management/clients/?search=Client3 HTTP/1.1" 200 261
INFO D:\Tan\Travail\developpement\python\projetOC\projet12\epicevents\app\contracts\views.py changed, reloading.
INFO Watching for file changes with StatReloader
INFO D:\Tan\Travail\developpement\python\projetOC\projet12\epicevents\app\contracts\views.py changed, reloading.
INFO Watching for file changes with StatReloader
INFO D:\Tan\Travail\developpement\python\projetOC\projet12\epicevents\app\contracts\views.py changed, reloading.
INFO Watching for file changes with StatReloader
INFO D:\Tan\Travail\developpement\python\projetOC\projet12\epicevents\app\contracts\views.py changed, reloading.
INFO Watching for file changes with StatReloader
INFO D:\Tan\Travail\developpement\python\projetOC\projet12\epicevents\app\contracts\views.py changed, reloading.
INFO Watching for file changes with StatReloader
INFO D:\Tan\Travail\developpement\python\projetOC\projet12\epicevents\app\contracts\views.py changed, reloading.
INFO Watching for file changes with StatReloader
INFO D:\Tan\Travail\developpement\python\projetOC\projet12\epicevents\app\contracts\views.py changed, reloading.
INFO Watching for file changes with StatReloader
INFO "GET /management/clients/?search=Th%C3%A9o HTTP/1.1" 200 260
INFO "GET /management/contracts/?search HTTP/1.1" 200 569
INFO "GET /management/contracts/?search=Th%C3%A9o HTTP/1.1" 200 190
INFO D:\Tan\Travail\developpement\python\projetOC\projet12\epicevents\app\events\views.py changed, reloading.
INFO Watching for file changes with StatReloader
INFO D:\Tan\Travail\developpement\python\projetOC\projet12\epicevents\app\events\views.py changed, reloading.
INFO Watching for file changes with StatReloader
INFO D:\Tan\Travail\developpement\python\projetOC\projet12\epicevents\app\events\views.py changed, reloading.
INFO Watching for file changes with StatReloader
INFO D:\Tan\Travail\developpement\python\projetOC\projet12\epicevents\app\events\views.py changed, reloading.
INFO Watching for file changes with StatReloader
INFO D:\Tan\Travail\developpement\python\projetOC\projet12\epicevents\app\events\views.py changed, reloading.
INFO Watching for file changes with StatReloader
INFO "GET /management/events/?search=user_test_support1@gmail.com HTTP/1.1" 200 489
INFO "GET /management/events/?search=Nha%20Trang HTTP/1.1" 200 249
INFO "GET /management/events/?search=user_test_support1@gmail.com HTTP/1.1" 200 489
INFO "GET /management/clients/?search=Th%C3%A9o HTTP/1.1" 200 260
INFO "GET /management/clients/ HTTP/1.1" 200 784
INFO "GET /management/clients/?search=Th%C3%A9o HTTP/1.1" 200 260
INFO "GET /management/clients/?search=Th%C3%A9o&company_name=Client1 HTTP/1.1" 200 260
INFO "GET /management/clients/?search=Th%C3%A9o&company_name=fez HTTP/1.1" 200 260
INFO "GET /management/clients/?search=Th%C3%A9o&company_name=Client1 HTTP/1.1" 200 260
INFO "GET /management/contracts/?search= HTTP/1.1" 200 569
INFO "GET /management/contracts/?first_name=Gregory HTTP/1.1" 200 191
INFO "GET /management/contracts/?first_name=Gregory HTTP/1.1" 200 191
INFO "GET /management/contracts/?search=Th%C3%A9o&company_name=Client1 HTTP/1.1" 200 190
INFO "GET /management/clients/?search=Th%C3%A9o&company_name=Client1 HTTP/1.1" 200 260
INFO "GET /management/contracts/?company_name=Client1 HTTP/1.1" 200 569
INFO "GET /management/contracts/?company_name=Client1 HTTP/1.1" 200 569
INFO "GET /management/contracts/ HTTP/1.1" 200 569
INFO "GET /management/contracts/ HTTP/1.1" 200 569
INFO "GET /management/contracts/?search=Th%C3%A9o HTTP/1.1" 200 190
INFO "GET /management/clients/?company_name=Client1 HTTP/1.1" 200 784
INFO "GET /management/clients/?search=Client1 HTTP/1.1" 200 260
INFO "GET /management/clients/?search=Client1&first_name=Th%C3%A9o HTTP/1.1" 200 260
INFO "GET /management/clients/?first_name=Th%C3%A9o HTTP/1.1" 200 260
INFO "GET /management/clients/?search=Client1&first_name=Th%C3%A9o HTTP/1.1" 200 260
INFO "GET /management/clients/ HTTP/1.1" 200 784
INFO "GET /management/contracts/?search=Client2&min_amount=300 HTTP/1.1" 200 190
INFO "GET /management/contracts/?search=Client2 HTTP/1.1" 200 190
INFO "GET /management/contracts/?search=Client2 HTTP/1.1" 200 190
INFO "GET /management/contracts/?search=Client2&min_amount=300 HTTP/1.1" 200 190
INFO "GET /management/contracts/?search=Client2&min_amount=300 HTTP/1.1" 200 190
INFO "GET /management/contracts/?search=Client2 HTTP/1.1" 200 190
INFO "GET /management/contracts/?search=Client2&min_amount=300 HTTP/1.1" 200 190
INFO "GET /management/contracts/?search=Client2&min_amount=700 HTTP/1.1" 200 2
INFO "GET /management/contracts/?search=Client2&min_amount=200 HTTP/1.1" 200 190
INFO "GET /management/clients/?search=Client1&first_name=Th%C3%A9o HTTP/1.1" 200 260
INFO "GET /management/events/?search=user_test_support1@gmail.com HTTP/1.1" 200 489
INFO "GET /management/events/?first_name=Gregory&search=user_test_support1@gmail.com HTTP/1.1" 200 241
INFO "GET /management/clients/?search=Client1&first_name=Th%C3%A9o HTTP/1.1" 200 260
INFO "GET /management/clients/?first_name=Th%C3%A9o HTTP/1.1" 200 260
INFO "GET /management/clients/?first_name=Th%C3%A9o HTTP/1.1" 200 260
INFO "GET /management/clients/ HTTP/1.1" 200 784
INFO D:\Tan\Travail\developpement\python\projetOC\projet12\epicevents\app\clients\filter.py changed, reloading.
INFO Watching for file changes with StatReloader
INFO "GET /management/clients/?search=Client1&first_name=Th%C3%A9o HTTP/1.1" 200 260
INFO "GET /management/events/?search=user_test_support1@gmail.com HTTP/1.1" 200 489
INFO "GET /management/events/?min_year_event=2023&search=user_test_support1@gmail.com HTTP/1.1" 200 241
WARNING Forbidden: /clients/
WARNING "POST /clients/ HTTP/1.1" 403 63
INFO "POST /login/ HTTP/1.1" 200 486
INFO "POST /clients/ HTTP/1.1" 201 255
INFO "GET /clients/ HTTP/1.1" 201 516
WARNING Not Found: /clients/{{client_id}/
WARNING "GET /clients/%7B%7Bclient_id%7D/ HTTP/1.1" 404 5225
WARNING Forbidden: /clients/
WARNING "POST /clients/ HTTP/1.1" 403 63
INFO "GET /admin/ HTTP/1.1" 200 8247
INFO "GET /admin/ HTTP/1.1" 200 8247
INFO "GET /admin/clients/client/ HTTP/1.1" 200 8473
INFO "GET /admin/jsi18n/ HTTP/1.1" 200 3343
INFO "POST /admin/clients/client/ HTTP/1.1" 200 7927
INFO "GET /static/admin/js/cancel.js HTTP/1.1" 200 884
INFO "POST /admin/clients/client/ HTTP/1.1" 302 0
INFO "GET /admin/clients/client/ HTTP/1.1" 200 6815
INFO "GET /admin/jsi18n/ HTTP/1.1" 200 3343
INFO "GET /static/admin/img/icon-yes.svg HTTP/1.1" 200 436
INFO "POST /login/ HTTP/1.1" 200 486
INFO "POST /clients/ HTTP/1.1" 201 255
INFO "GET /clients/ HTTP/1.1" 201 257
WARNING Not Found: /clients/{{client_id}/
WARNING "GET /clients/%7B%7Bclient_id%7D/ HTTP/1.1" 404 5225
INFO "PUT /clients/604/ HTTP/1.1" 200 249
INFO "GET /clients/?search=Client1&first_name=Th%C3%A9o HTTP/1.1" 201 251
WARNING Forbidden: /management/users/
WARNING "GET /management/users/ HTTP/1.1" 403 63
INFO "POST /login/ HTTP/1.1" 200 483
INFO "GET /management/users/ HTTP/1.1" 200 1885
INFO "GET /admin/ HTTP/1.1" 200 8253
INFO "GET /admin/clients/client/ HTTP/1.1" 200 7831
INFO "GET /admin/jsi18n/ HTTP/1.1" 200 3343
INFO "POST /admin/clients/client/ HTTP/1.1" 200 6742
INFO "POST /admin/clients/client/ HTTP/1.1" 302 0
INFO "GET /admin/clients/client/ HTTP/1.1" 200 6814
INFO "GET /admin/jsi18n/ HTTP/1.1" 200 3343
INFO "GET /admin/ HTTP/1.1" 200 8254
INFO "GET /admin/ HTTP/1.1" 200 8254
INFO "GET /admin/events/event/ HTTP/1.1" 200 6667
INFO "GET /admin/jsi18n/ HTTP/1.1" 200 3343
INFO "GET /admin/clients/client/ HTTP/1.1" 200 6678
INFO "GET /admin/jsi18n/ HTTP/1.1" 200 3343
INFO "GET /admin/clients/client/ HTTP/1.1" 200 6678
INFO "GET /admin/jsi18n/ HTTP/1.1" 200 3343
INFO "GET /admin/contracts/contract/ HTTP/1.1" 200 6700
INFO "GET /admin/jsi18n/ HTTP/1.1" 200 3343
INFO "GET /admin/users/user/ HTTP/1.1" 200 9500
INFO "GET /admin/jsi18n/ HTTP/1.1" 200 3343
